<?xml version="1.0" encoding="UTF-8"?>
<testng-results ignored="0" total="4" passed="4" failed="0" skipped="0">
  <reporter-output>
  </reporter-output>
  <suite started-at="2023-03-27T22:55:04 EDT" name="PetSuite" finished-at="2023-03-27T22:55:11 EDT" duration-ms="7355">
    <groups>
    </groups>
    <test started-at="2023-03-27T22:55:04 EDT" name="PetSuite" finished-at="2023-03-27T22:55:11 EDT" duration-ms="7355">
      <class name="api.test.UserTests2">
        <test-method is-config="true" signature="setup()[pri:0, instance:api.test.UserTests2@2f177a4b]" started-at="2023-03-27T22:55:05 EDT" name="setup" finished-at="2023-03-27T22:55:06 EDT" duration-ms="1673" status="PASS">
          <reporter-output>
          </reporter-output>
        </test-method> <!-- setup -->
        <test-method signature="testPOSTUser()[pri:1, instance:api.test.UserTests2@2f177a4b]" started-at="2023-03-27T22:55:06 EDT" name="testPOSTUser" finished-at="2023-03-27T22:55:10 EDT" duration-ms="3716" status="PASS">
          <reporter-output>
          </reporter-output>
        </test-method> <!-- testPOSTUser -->
        <test-method signature="testGETUser()[pri:2, instance:api.test.UserTests2@2f177a4b]" started-at="2023-03-27T22:55:10 EDT" name="testGETUser" finished-at="2023-03-27T22:55:11 EDT" duration-ms="325" status="PASS">
          <reporter-output>
          </reporter-output>
        </test-method> <!-- testGETUser -->
        <test-method signature="testUpdateUserByName()[pri:3, instance:api.test.UserTests2@2f177a4b]" started-at="2023-03-27T22:55:11 EDT" name="testUpdateUserByName" finished-at="2023-03-27T22:55:11 EDT" duration-ms="639" status="PASS">
          <reporter-output>
          </reporter-output>
        </test-method> <!-- testUpdateUserByName -->
        <test-method signature="testDeleteUserByName()[pri:4, instance:api.test.UserTests2@2f177a4b]" started-at="2023-03-27T22:55:11 EDT" name="testDeleteUserByName" finished-at="2023-03-27T22:55:11 EDT" duration-ms="252" status="PASS">
          <reporter-output>
          </reporter-output>
        </test-method> <!-- testDeleteUserByName -->
      </class> <!-- api.test.UserTests2 -->
    </test> <!-- PetSuite -->
  </suite> <!-- PetSuite -->
</testng-results>
