<?xml version="1.0" encoding="UTF-8"?>
<testng-results ignored="0" total="4" passed="4" failed="0" skipped="0">
  <reporter-output>
  </reporter-output>
  <suite started-at="2023-03-27T22:07:43 EDT" name="PetSuite" finished-at="2023-03-27T22:07:54 EDT" duration-ms="10784">
    <groups>
    </groups>
    <test started-at="2023-03-27T22:07:43 EDT" name="PetSuite" finished-at="2023-03-27T22:07:54 EDT" duration-ms="10784">
      <class name="api.test.UserTests2">
        <test-method is-config="true" signature="setup()[pri:0, instance:api.test.UserTests2@1a052a00]" started-at="2023-03-27T22:07:44 EDT" name="setup" finished-at="2023-03-27T22:07:46 EDT" duration-ms="1391" status="PASS">
          <reporter-output>
          </reporter-output>
        </test-method> <!-- setup -->
        <test-method signature="testPOSTUser()[pri:1, instance:api.test.UserTests2@1a052a00]" started-at="2023-03-27T22:07:46 EDT" name="testPOSTUser" finished-at="2023-03-27T22:07:52 EDT" duration-ms="6533" status="PASS">
          <reporter-output>
          </reporter-output>
        </test-method> <!-- testPOSTUser -->
        <test-method signature="testGETUser()[pri:2, instance:api.test.UserTests2@1a052a00]" started-at="2023-03-27T22:07:52 EDT" name="testGETUser" finished-at="2023-03-27T22:07:53 EDT" duration-ms="493" status="PASS">
          <reporter-output>
          </reporter-output>
        </test-method> <!-- testGETUser -->
        <test-method signature="testUpdateUserByName()[pri:3, instance:api.test.UserTests2@1a052a00]" started-at="2023-03-27T22:07:53 EDT" name="testUpdateUserByName" finished-at="2023-03-27T22:07:53 EDT" duration-ms="585" status="PASS">
          <reporter-output>
          </reporter-output>
        </test-method> <!-- testUpdateUserByName -->
        <test-method signature="testDeleteUserByName()[pri:4, instance:api.test.UserTests2@1a052a00]" started-at="2023-03-27T22:07:53 EDT" name="testDeleteUserByName" finished-at="2023-03-27T22:07:54 EDT" duration-ms="298" status="PASS">
          <reporter-output>
          </reporter-output>
        </test-method> <!-- testDeleteUserByName -->
      </class> <!-- api.test.UserTests2 -->
    </test> <!-- PetSuite -->
  </suite> <!-- PetSuite -->
</testng-results>
