<?xml version="1.0" encoding="UTF-8"?>
<!-- Generated by org.testng.reporters.JUnitXMLReporter -->
<testsuite ignored="0" hostname="MacBook-Air.ht.home" failures="0" tests="4" name="PetSuite" time="7.355" errors="0" timestamp="2023-03-27T22:55:12 EDT">
  <testcase classname="api.test.UserTests2" name="testPOSTUser" time="3.716"/>
  <testcase classname="api.test.UserTests2" name="testGETUser" time="0.325"/>
  <testcase classname="api.test.UserTests2" name="testUpdateUserByName" time="0.639"/>
  <testcase classname="api.test.UserTests2" name="testDeleteUserByName" time="0.252"/>
</testsuite> <!-- PetSuite -->
