<?xml version="1.0" encoding="UTF-8"?>
<!-- Generated by org.testng.reporters.JUnitXMLReporter -->
<testsuite ignored="0" hostname="MacBook-Air.ht.home" failures="0" tests="4" name="PetSuite" time="10.784" errors="0" timestamp="2023-03-27T22:07:55 EDT">
  <testcase classname="api.test.UserTests2" name="testPOSTUser" time="6.533"/>
  <testcase classname="api.test.UserTests2" name="testGETUser" time="0.493"/>
  <testcase classname="api.test.UserTests2" name="testUpdateUserByName" time="0.585"/>
  <testcase classname="api.test.UserTests2" name="testDeleteUserByName" time="0.298"/>
</testsuite> <!-- PetSuite -->
